2023-07-31 17:28:16 INFO::Begin model initialization...
2023-07-31 17:28:16 INFO::Initializing IO tables...
2023-07-31 17:28:17 INFO::Initializing Gross Output tables...
2023-07-31 17:28:19 INFO::Initializing Chain Price Index tables...
2023-07-31 17:28:20 INFO::Loading disaggregation specification file for WasteDisaggregationDetail...
2023-07-31 17:28:20 INFO::Initializing Disaggregation of IO tables...
2023-07-31 17:28:21 INFO::Loading hybridization specification file for DIOProcesses...
2023-07-31 17:28:21 INFO::Initializing model satellite tables...
2023-07-31 17:28:21 INFO::Loading Water withdrawals flows from DataCommons...
2023-07-31 17:28:22 INFO::Loading Criteria and Hazardous Air Emissions flows from DataCommons...
2023-07-31 17:28:58 INFO::Loading Point source industrial releases to ground flows from DataCommons...
2023-07-31 17:28:58 INFO::Loading Point source releases to water flows from DataCommons...
2023-07-31 17:28:59 INFO::Loading Greenhouse Gases flows from DataCommons...
2023-07-31 17:29:00 INFO::Loading Land use flows from DataCommons...
2023-07-31 17:29:00 INFO::Loading Mineral extraction flows from DataCommons...
2023-07-31 17:29:00 INFO::Loading Energy extraction flows from DataCommons...
2023-07-31 17:29:00 WARNING::No data found for disaggregation of ENERGY for 562000/US - applying default allocation
2023-07-31 17:29:01 INFO::Loading Nitrogen and Phosphorus Releases from Agriculture flows from DataCommons...
2023-07-31 17:29:01 INFO::Loading Pesticide releases flows from DataCommons...
2023-07-31 17:29:01 INFO::Loading Commercial non-hazardous waste excluding construction activities flows from DataCommons...
2023-07-31 17:29:02 WARNING::No data found for disaggregation of CNHW for 562000/US - applying default allocation
2023-07-31 17:29:03 INFO::Loading Commercial non-hazardous waste from construction activities flows from DataCommons...
2023-07-31 17:29:03 INFO::Loading Commercial RCRA-defined hazardous waste flows from DataCommons...
2023-07-31 17:29:06 INFO::Loading Employment flows from DataCommons...
2023-07-31 17:29:06 INFO::Generating Value Added flows...
2023-07-31 17:29:08 INFO::Initializing model indicators...
2023-07-31 17:29:08 INFO::Getting Climate change indicator from DataCommons...
2023-07-31 17:29:09 INFO::Getting Human toxicity, respiratory effects, inorganics indicator from DataCommons...
2023-07-31 17:29:09 INFO::Getting Human toxicity, respiratory effects, organics indicator from DataCommons...
2023-07-31 17:29:10 INFO::Getting Human toxicity, carcinogens, unspecified indicator from DataCommons...
2023-07-31 17:29:12 INFO::Getting Human toxicity, non-carcinogens, unspecified indicator from DataCommons...
2023-07-31 17:29:14 INFO::Getting Water deprivation indicator from DataCommons...
2023-07-31 17:29:14 INFO::Getting Fossil Energy Use indicator from DataCommons...
2023-07-31 17:29:17 INFO::Getting Land use indicator from DataCommons...
2023-07-31 17:29:17 INFO::Getting Mineral use indicator from DataCommons...
2023-07-31 17:29:20 INFO::Getting Aquatic ecosystem toxicity indicator from DataCommons...
2023-07-31 17:29:23 INFO::Getting Climate change - Endpoint indicator from DataCommons...
2023-07-31 17:29:25 INFO::Getting Human health, respiratory inorganics indicator from DataCommons...
2023-07-31 17:29:26 INFO::Getting Human health, respiratory organics indicator from DataCommons...
2023-07-31 17:29:28 INFO::Getting Human health, cancer, unspecified indicator from DataCommons...
2023-07-31 17:29:30 INFO::Getting Human health, non-cancer, unspecified indicator from DataCommons...
2023-07-31 17:29:32 INFO::Getting Human health, water depletion indicator from DataCommons...
2023-07-31 17:29:34 INFO::Getting Ecosystem quality, water depletion indicator from DataCommons...
2023-07-31 17:29:36 INFO::Getting Resource availability, water depletion indicator from DataCommons...
2023-07-31 17:29:36 INFO::Getting Ecosystem quality, land use indicator from DataCommons...
2023-07-31 17:29:38 INFO::Getting Ecosystem quality, aquatic ecosystem toxicity indicator from DataCommons...
2023-07-31 17:29:40 INFO::Getting Resource availability, fossil energy use indicator from DataCommons...
2023-07-31 17:29:45 INFO::Getting Resource availability, mineral use indicator from DataCommons...
2023-07-31 17:29:50 INFO::Getting Climate change - Valuation indicator from DataCommons...
2023-07-31 17:29:51 INFO::Getting Human health, respiratory inorganics - Valuation indicator from DataCommons...
2023-07-31 17:29:52 INFO::Getting Human productivity, respiratory inorganics - Valuation indicator from DataCommons...
2023-07-31 17:29:52 INFO::Getting Human health, respiratory organics - Valuation indicator from DataCommons...
2023-07-31 17:29:53 INFO::Getting Human productivity, respiratory organics - Valuation indicator from DataCommons...
2023-07-31 17:29:53 INFO::Getting Human health, cancer, unspecified - Valuation indicator from DataCommons...
2023-07-31 17:29:54 INFO::Getting Human productivity, cancer, unspecified - Valuation indicator from DataCommons...
2023-07-31 17:29:55 INFO::Getting Human health, non-cancer, unspecified - Valuation indicator from DataCommons...
2023-07-31 17:29:55 INFO::Getting Human productivity, non-cancer, unspecified - Valuation indicator from DataCommons...
2023-07-31 17:29:56 INFO::Getting Human health, water use - Valuation indicator from DataCommons...
2023-07-31 17:29:56 INFO::Getting Human productivity, water use - Valuation indicator from DataCommons...
2023-07-31 17:29:57 INFO::Getting Ecosystem quality, water use - Valuation indicator from DataCommons...
2023-07-31 17:29:57 INFO::Getting Resource productivity, water use - Valuation indicator from DataCommons...
2023-07-31 17:29:58 INFO::Getting Ecosystem quality, land use - Valuation indicator from DataCommons...
2023-07-31 17:29:58 INFO::Getting Ecosystem quality, aquatic ecosystem toxicity - Valuation indicator from DataCommons...
2023-07-31 17:29:59 INFO::Getting Resource productivity, fossil energy use - Valuation indicator from DataCommons...
2023-07-31 17:30:00 INFO::Getting Resource productivity, mineral use - Valuation indicator from DataCommons...
2023-07-31 17:30:00 INFO::Loading demand vectors ...
2023-07-31 17:30:00 INFO::Loading US CompleteProduction demand vector...
2023-07-31 17:30:00 INFO::Loading US DomesticProduction demand vector...
2023-07-31 17:30:00 INFO::Loading US CompleteConsumption demand vector...
2023-07-31 17:30:00 INFO::Loading US DomesticConsumption demand vector...
2023-07-31 17:30:01 INFO::Loading US HouseholdConsumption demand vector...
2023-07-31 17:30:17 INFO::Building commodity-by-commodity A matrix (direct requirements)...
2023-07-31 17:30:17 INFO::Building commodity-by-commodity A_d matrix (domestic direct requirements)...
2023-07-31 17:30:17 INFO::Hybridizing model for A matrix...
2023-07-31 17:30:18 INFO::Hybridizing model for A matrix...
2023-07-31 17:30:19 INFO::Calculating L matrix (total requirements)...
2023-07-31 17:30:19 INFO::Calculating L_d matrix (domestic total requirements)...
2023-07-31 17:30:19 INFO::Building B matrix (direct emissions and resource use per dollar)...
2023-07-31 17:30:25 INFO::Hybridizing model for B matrix...
2023-07-31 17:30:30 INFO::Building C matrix (characterization factors for model indicators)...
2023-07-31 17:30:35 INFO::Calculating D matrix (direct environmental impacts per dollar)...
2023-07-31 17:30:35 INFO::Calculating M matrix (total emissions and resource use per dollar)...
2023-07-31 17:30:38 INFO::Calculating M_d matrix (total emissions and resource use per dollar from domestic activity)...
2023-07-31 17:30:42 INFO::Calculating N matrix (total environmental impacts per dollar)...
2023-07-31 17:30:42 INFO::Calculating N_d matrix (total environmental impacts per dollar from domestic activity)...
2023-07-31 17:30:43 INFO::Calculating Rho matrix (price year ratio)...
2023-07-31 17:30:43 INFO::Calculating Phi matrix (producer over purchaser price ratio)...
2023-07-31 17:30:44 INFO::Model build complete.
